{"level":"warn","message":"Ruta /login con metodo GET no implementadas en el servidor."}
{"level":"warn","message":"Ruta /user/ con metodo GET no implementadas en el servidor."}
{"level":"warn","message":"Ruta /login con metodo GET no implementadas en el servidor."}
{"level":"warn","message":"Ruta /login con metodo GET no implementadas en el servidor."}
{"level":"warn","message":"Ruta /login con metodo GET no implementadas en el servidor."}
{"level":"warn","message":"Ruta /login con metodo GET no implementadas en el servidor."}
{"level":"error"}
{"level":"error"}
{"level":"warn","message":"Ruta / con metodo GET no implementadas en el servidor."}
{"level":"warn","message":"Ruta / con metodo GET no implementadas en el servidor."}
{"level":"warn","message":"Ruta /login con metodo GET no implementadas en el servidor."}
{"level":"warn","message":"Ruta /login con metodo GET no implementadas en el servidor."}
{"level":"warn","message":"Ruta /login con metodo GET no implementadas en el servidor."}
{"level":"warn","message":"Ruta /user/img/logo-tienda-online.png con metodo GET no implementadas en el servidor."}
{"level":"warn","message":"Ruta /user/img/logo-tienda-online.png con metodo GET no implementadas en el servidor."}
{"level":"warn","message":"Ruta /user/img/logo-tienda-online.png con metodo GET no implementadas en el servidor."}
{"level":"warn","message":"Ruta /user/img/logo-tienda-online.png con metodo GET no implementadas en el servidor."}
{"level":"warn","message":"Ruta /login con metodo GET no implementadas en el servidor."}
{"level":"warn","message":"Ruta /user/loginhdfh con metodo GET no implementadas en el servidor."}
{"level":"error"}
{"level":"error"}
{"level":"error"}
{"level":"error"}
{"level":"error"}
{"level":"error"}
{"level":"error"}
{"level":"error"}
{"level":"error"}
{"level":"error"}
{"level":"error","message":"Id product don't found :( error is not defined","stack":"ReferenceError: error is not defined\n    at getOneProductController (file:///C:/Users/lrodrdov/Desktop/Cursos/coderhouse/CursoBE/proyectoIntegrador/BE31000-ProyectoIntegrador-EntregaFinal/src/controller/productsController.js:38:13)\n    at processTicksAndRejections (node:internal/process/task_queues:96:5)"}
{"level":"error","message":"Id product don't found :( Cannot read properties of undefined (reading 'length')","stack":"TypeError: Cannot read properties of undefined (reading 'length')\n    at getOneProductController (file:///C:/Users/lrodrdov/Desktop/Cursos/coderhouse/CursoBE/proyectoIntegrador/BE31000-ProyectoIntegrador-EntregaFinal/src/controller/productsController.js:37:21)\n    at processTicksAndRejections (node:internal/process/task_queues:96:5)"}
{"level":"error","message":"Id product don't found :( Cannot read properties of undefined (reading 'length')","stack":"TypeError: Cannot read properties of undefined (reading 'length')\n    at getOneProductController (file:///C:/Users/lrodrdov/Desktop/Cursos/coderhouse/CursoBE/proyectoIntegrador/BE31000-ProyectoIntegrador-EntregaFinal/src/controller/productsController.js:37:21)\n    at processTicksAndRejections (node:internal/process/task_queues:96:5)"}
{"level":"error","message":"Id product don't found :( Cannot read properties of undefined (reading 'length')","stack":"TypeError: Cannot read properties of undefined (reading 'length')\n    at getOneProductController (file:///C:/Users/lrodrdov/Desktop/Cursos/coderhouse/CursoBE/proyectoIntegrador/BE31000-ProyectoIntegrador-EntregaFinal/src/controller/productsController.js:37:21)\n    at processTicksAndRejections (node:internal/process/task_queues:96:5)"}
{"level":"error","message":"Id product don't found :( Cannot read properties of undefined (reading 'length')","stack":"TypeError: Cannot read properties of undefined (reading 'length')\n    at getOneProductController (file:///C:/Users/lrodrdov/Desktop/Cursos/coderhouse/CursoBE/proyectoIntegrador/BE31000-ProyectoIntegrador-EntregaFinal/src/controller/productsController.js:37:21)\n    at processTicksAndRejections (node:internal/process/task_queues:96:5)"}
{"level":"error"}
{"level":"error","message":"Id product don't found :( Cannot read properties of undefined (reading 'length')","stack":"TypeError: Cannot read properties of undefined (reading 'length')\n    at getOneProductController (file:///C:/Users/lrodrdov/Desktop/Cursos/coderhouse/CursoBE/proyectoIntegrador/BE31000-ProyectoIntegrador-EntregaFinal/src/controller/productsController.js:37:21)\n    at processTicksAndRejections (node:internal/process/task_queues:96:5)"}
{"level":"error","message":"Id product didn't found :( Cannot read properties of undefined (reading 'length')","stack":"TypeError: Cannot read properties of undefined (reading 'length')\n    at getOneProductController (file:///C:/Users/lrodrdov/Desktop/Cursos/coderhouse/CursoBE/proyectoIntegrador/BE31000-ProyectoIntegrador-EntregaFinal/src/controller/productsController.js:37:21)\n    at processTicksAndRejections (node:internal/process/task_queues:96:5)"}
{"level":"error"}
{"level":"error"}
{"level":"warn","message":"Ruta /user/info con metodo GET no implementadas en el servidor."}